-2.994883612700894801e-02 2.498436511546487509e+03 1.748735497137581660e+03 2.098482596563953848e+03 -2.875856332206461891e-02 2.694891097473835543e+03 5.454821547174724256e-02 1.027502021718040143e-01
-3.745870699672730342e-01 2.498436065288214650e+03 1.748733429128154967e+03 2.098480873222765240e+03 -2.270075683837493141e+00 2.694890537890366886e+03 -2.988289647084287015e+00 -7.000000000000000000e+00
6.105413145522963214e-01 2.498436079321186753e+03 1.748733484968667653e+03 2.098480919756515505e+03 5.344930789458277598e-01 2.694890559500295240e+03 5.617461925351776131e+00 -2.077976557462254625e+00
-2.685313980406716164e-02 2.498436057530857397e+03 1.748733389625410155e+03 2.098480840303797322e+03 7.174871623018960198e-01 2.694890534217644472e+03 4.934664544878353959e-02 1.096098548413192153e-02
-2.939054244431981225e-02 2.498436054311432599e+03 1.748733374707276198e+03 2.098480827871900601e+03 -2.530314106358931558e-02 2.694890528355582774e+03 5.389793919968499658e-02 9.810142800845791933e-02
-1.065913105134702055e-01 2.498433524904730803e+03 1.748721634469407263e+03 2.098471044320688634e+03 -3.857672520624770562e-02 2.694887380180286073e+03 6.279811094558676587e-02 9.971022528214071312e-02
-2.998696935576947858e-02 2.498435592025832648e+03 1.748731228902146540e+03 2.098479039680913047e+03 -2.530918555160219588e-02 2.694889952949042254e+03 5.396623370698432759e-02 9.810213236942656734e-02
-2.978064684274591215e-02 2.498434083313187784e+03 1.748724225969185454e+03 2.098473203794000256e+03 -2.516013032329106336e-02 2.694888075050327643e+03 5.394190459728899489e-02 9.808404029637450561e-02
-2.939947969509073070e-02 2.498428461598802642e+03 1.748698132353480332e+03 2.098451458544851903e+03 -2.488471491502442998e-02 2.694881077690063648e+03 5.389695635049217975e-02 9.805061009212913403e-02
-2.881291174009733419e-02 2.498412607305068832e+03 1.748624544949849906e+03 2.098390133589507968e+03 -2.446077154568671724e-02 2.694861343824531104e+03 5.382778264393686674e-02 9.799915063234816703e-02
-2.784914731778412311e-02 2.498367473875430733e+03 1.748415063573089355e+03 2.098215558182191216e+03 -2.376391189957054867e-02 2.694805166196626033e+03 5.371411601570765665e-02 9.791456185198237072e-02
-2.631543326159605303e-02 2.498245900481369972e+03 1.747850808440643732e+03 2.097745320639762213e+03 -2.265419476475083460e-02 2.694653843738814885e+03 5.353320449829149230e-02 9.777985369293980267e-02
-2.388768174931770252e-02 2.497922978921460981e+03 1.746352078407421686e+03 2.096496300234973660e+03 -2.089573896908298103e-02 2.694251903338437387e+03 5.324677889766098876e-02 9.756638707543849320e-02
-2.021138018247515405e-02 2.497092636133770611e+03 1.742498425180200229e+03 2.093284686417249304e+03 -1.822856619352247742e-02 2.693218376404582159e+03 5.281293935707841863e-02 9.724259992049277823e-02
-1.521617184391851202e-02 2.495069994656579638e+03 1.733111525719340989e+03 2.085461607109068609e+03 -1.459517788386918181e-02 2.690700797829908424e+03 5.222331781206678014e-02 9.680155669022018350e-02
-1.034152359435240934e-02 2.490727383095156711e+03 1.712958486502355527e+03 2.068665769108552922e+03 -1.103249298538177062e-02 2.685295559927722024e+03 5.164803411845905745e-02 9.636939583201849235e-02
-1.023919015041356052e-02 2.483694394565670791e+03 1.680321439805569071e+03 2.041465107748020500e+03 -1.092641021360524385e-02 2.676541624712197972e+03 5.163701181041094324e-02 9.635775526366671673e-02
-1.861439140946578863e-02 2.477490656592260621e+03 1.651535150718448222e+03 2.017472932583334114e+03 -1.700363657858121325e-02 2.668819870174509106e+03 5.262748488981651429e-02 9.709755841365269591e-02
-2.719081302006732398e-02 2.476348567524903501e+03 1.646239427167717167e+03 2.013057941913416471e+03 -2.324650111463859997e-02 2.667398341917517882e+03 5.364147163276421909e-02 9.785706454746102845e-02
-2.978056303958183382e-02 2.477181673893053812e+03 1.650109135331905009e+03 2.016281885086305692e+03 -2.511800641620214741e-02 2.668435328695542012e+03 5.394723241957429666e-02 9.808442717266570299e-02
-2.996545967272902164e-02 2.477497874084584055e+03 1.651579530640911798e+03 2.017506358399267583e+03 -2.524891750849777433e-02 2.668828920665125224e+03 5.396877119602797035e-02 9.810014836155826756e-02
-2.994099173998522254e-02 2.477523846340258387e+03 1.651702835126724949e+03 2.017608214619868932e+03 -2.523172967726231702e-02 2.668861265310662930e+03 5.396589997090286278e-02 9.809806577901057645e-02
-2.990519135613108059e-02 2.477555688204914986e+03 1.651860048036153330e+03 2.017736148149208020e+03 -2.520648858545409751e-02 2.668900956821670206e+03 5.396169409550341522e-02 9.809500409744779936e-02
-2.984533072264341017e-02 2.477605584258776162e+03 1.652122806093582085e+03 2.017944923550551948e+03 -2.516428634936986736e-02 2.668963254044605492e+03 5.395466325495724969e-02 9.808988674067960212e-02
-2.974947440714099250e-02 2.477677833386213024e+03 1.652548379405407786e+03 2.018270057738006471e+03 -2.509669244694439499e-02 2.669053737114463274e+03 5.394340612165312437e-02 9.808169205049692418e-02
-2.959395968435557522e-02 2.477775064697992093e+03 1.653251882696227995e+03 2.018773811474466356e+03 -2.498699768721930961e-02 2.669176310877057404e+03 5.392514744395399129e-02 9.806839815242568426e-02
-2.934380579816130846e-02 2.477879242003904437e+03 1.654417668113327181e+03 2.019522110092918183e+03 -2.481046277395553348e-02 2.669310172945617069e+03 5.389578922669168576e-02 9.804701640076332603e-02
-2.894398652519908355e-02 2.477909156117942075e+03 1.656370163274045581e+03 2.020555851251991953e+03 -2.452808696977935160e-02 2.669358552106310526e+03 5.384889714426843721e-02 9.801284789692189803e-02
-2.832021300312089276e-02 2.477599219512487707e+03 1.659648741356416394e+03 2.021744752945675145e+03 -2.408696817851793681e-02 2.669001761280544088e+03 5.377581951342360472e-02 9.795955551275511985e-02
-2.740712066258781804e-02 2.476216662621870000e+03 1.665051124009857176e+03 2.022379899538573000e+03 -2.343978106524220728e-02 2.667353525256724424e+03 5.366905590942033094e-02 9.788158608696799490e-02
-2.629311081831870595e-02 2.472116034555345777e+03 1.673201139673257558e+03 2.020278520866036388e+03 -2.264650711166540931e-02 2.662416520060002313e+03 5.353934218325615696e-02 9.778657853620327522e-02
-2.558201738521432428e-02 2.463087197621101950e+03 1.682520413778851207e+03 2.011285881081495290e+03 -2.213097866734506369e-02 2.651493135164493651e+03 5.345799459435426892e-02 9.772631417965711720e-02
-2.639380078739663599e-02 2.450375970403224528e+03 1.686642021384931468e+03 1.994071457782833022e+03 -2.268820386136015388e-02 2.636059392916550678e+03 5.355614518571970989e-02 9.779670256320123489e-02
-2.845788511370393389e-02 2.442225723151122565e+03 1.681700811634798356e+03 1.979196252750481790e+03 -2.413900315475286593e-02 2.626116935570331407e+03 5.380032610006935806e-02 9.797427033809022467e-02
-2.964891231529798166e-02 2.441592928613549702e+03 1.676378728402174602e+03 1.975543307783275850e+03 -2.498034247991091569e-02 2.625314685249277773e+03 5.394035797742763316e-02 9.807638447189021003e-02
-2.985136034438005612e-02 2.442333970844243595e+03 1.674998300392181363e+03 1.975971335091211813e+03 -2.512375469351021268e-02 2.626207476309255526e+03 5.396393381971841680e-02 9.809358115851113391e-02
-2.985542456916580670e-02 2.442516167456721632e+03 1.674883322496913252e+03 1.976191211126930511e+03 -2.512687046858802856e-02 2.626428386462371691e+03 5.396436600210975654e-02 9.809391343332946045e-02
-2.985458182998813187e-02 2.442598014707074981e+03 1.674845366958760906e+03 1.976298640124866097e+03 -2.512639113139612107e-02 2.626527749764385135e+03 5.396424740577204088e-02 9.809383538505479783e-02
-2.985172748080404045e-02 2.442820017165404352e+03 1.674743396045125337e+03 1.976597172884232350e+03 -2.512469341344738052e-02 2.626797426200905193e+03 5.396385905799463978e-02 9.809357546496223768e-02
-2.984775720892637527e-02 2.443113005853177583e+03 1.674604597629218915e+03 1.977005002982017686e+03 -2.512231178246505936e-02 2.627153685313980532e+03 5.396332271439208128e-02 9.809321528585086825e-02
-2.984079965822501387e-02 2.443596690753889561e+03 1.674362568307631591e+03 1.977716791973869476e+03 -2.511810222608676715e-02 2.627742808825353222e+03 5.396238999685766535e-02 9.809258678431655165e-02
-2.982968831212894426e-02 2.444294934124063275e+03 1.673978133143535615e+03 1.978848499278625468e+03 -2.511128992819169209e-02 2.628595934832981584e+03 5.396091833849508967e-02 9.809158976031245869e-02
-2.981118327134670357e-02 2.445265310571875943e+03 1.673343154044915309e+03 1.980720459076903126e+03 -2.509971223346423030e-02 2.629789233164985035e+03 5.395851387780192798e-02 9.808994669176718251e-02
-2.978059843517120997e-02 2.446377790966025259e+03 1.672307001200637842e+03 1.983781476109369123e+03 -2.507998305279942816e-02 2.631180753966148131e+03 5.395465847832172507e-02 9.808727544246334529e-02
-2.972967092456598945e-02 2.446989293135110074e+03 1.670615006161009205e+03 1.988794271465819520e+03 -2.504562979120237773e-02 2.632031083199218756e+03 5.394853856728636793e-02 9.808293952255776882e-02
-2.964639539392911055e-02 2.444928851346554438e+03 1.667929463771839892e+03 1.996780528128829019e+03 -2.498574618432550243e-02 2.629804210289668845e+03 5.393927092624800634e-02 9.807612541897739455e-02
-2.951968070048413897e-02 2.434512126245601394e+03 1.664034685352337874e+03 2.008428546206678675e+03 -2.488579254852595068e-02 2.617809015817669206e+03 5.392692623998830009e-02 9.806641085278788861e-02
-2.936655542854752290e-02 2.405509233975845746e+03 1.659769733600993732e+03 2.021406237684248481e+03 -2.474518285816788843e-02 2.583912007770784840e+03 5.391594762880895508e-02 9.805613363396714632e-02
-2.928013644272122948e-02 2.353759324712823400e+03 1.658402111938001326e+03 2.026653546510244041e+03 -2.462377148318520975e-02 2.522968859516798148e+03 5.391813221262969219e-02 9.805344508787823543e-02
-2.935739301131531920e-02 2.305824752470904059e+03 1.662651550266031791e+03 2.017097800901196024e+03 -2.462205601782445352e-02 2.466145189090720578e+03 5.393827788165750370e-02 9.806409109730017393e-02
-2.947092883066278896e-02 2.292733212642683156e+03 1.667252099414703935e+03 2.006058131629139552e+03 -2.468721272659061758e-02 2.450406252676815257e+03 5.395443479420768129e-02 9.807477542223418110e-02
-2.950617552894163262e-02 2.294957741770362645e+03 1.668466569788527977e+03 2.002701330671873848e+03 -2.471403550139073674e-02 2.452945167703784591e+03 5.395810077602037486e-02 9.807758909188825369e-02
-2.951139705518404308e-02 2.296322793670271039e+03 1.668572387142291518e+03 2.002309134388658322e+03 -2.471902925120939010e-02 2.454546418955368154e+03 5.395841747040323877e-02 9.807791049255017157e-02
-2.951149181541069116e-02 2.296472694372197566e+03 1.668565950735481010e+03 2.002323929531230760e+03 -2.471925162266473339e-02 2.454723830593588445e+03 5.395839646805419137e-02 9.807790640460187226e-02
-2.951145631282589554e-02 2.296482262394493773e+03 1.668564844501259586e+03 2.002327836253380838e+03 -2.471923697829147074e-02 2.454735336025056313e+03 5.395839028447323854e-02 9.807790262659016323e-02
-2.951132545471775101e-02 2.296513258931039672e+03 1.668561110109714264e+03 2.002341254437536918e+03 -2.471917990845525631e-02 2.454773165885585968e+03 5.395836838233108307e-02 9.807788911259708586e-02
-2.951096583586406905e-02 2.296596345518191356e+03 1.668550964359060117e+03 2.002377745915038304e+03 -2.471902512439784483e-02 2.454876573111764628e+03 5.395830865576307228e-02 9.807785230879265126e-02
-2.951055905368207138e-02 2.296686899794314286e+03 1.668539634149932454e+03 2.002418492745445974e+03 -2.471885564830649668e-02 2.454993562204469072e+03 5.395824185866324174e-02 9.807781133131597551e-02
-2.950977412401126557e-02 2.296851957308946112e+03 1.668518175568308379e+03 2.002495643466122374e+03 -2.471854473344469935e-02 2.455219520730755903e+03 5.395811512360710466e-02 9.807773411195813695e-02
-2.950854099392272167e-02 2.297087266916579665e+03 1.668485466238150366e+03 2.002613191130218866e+03 -2.471809626905787857e-02 2.455575042649270927e+03 5.395792137091071777e-02 9.807761739332675199e-02
-2.950641544730059351e-02 2.297431084450904109e+03 1.668431665976165732e+03 2.002806392349704765e+03 -2.471742620916473829e-02 2.456189237083470289e+03 5.395760117337875666e-02 9.807742803387120567e-02
-2.950280704587559741e-02 2.297861337031876701e+03 1.668346743137758040e+03 2.003110992568379061e+03 -2.471654438737820592e-02 2.457235299912827941e+03 5.395709180430268564e-02 9.807713594955015657e-02
-2.949653645979231908e-02 2.298235435365938429e+03 1.668214782501594300e+03 2.003583367206177400e+03 -2.471563465420822600e-02 2.459061165532627001e+03 5.395628995672311495e-02 9.807669993210603454e-02
-2.948580196320503555e-02 2.298004966756897375e+03 1.668025311931203305e+03 2.004259255164431806e+03 -2.471552866792173578e-02 2.462204705735109201e+03 5.395511158462035217e-02 9.807612039256564940e-02
-2.946880337420842294e-02 2.295732886860649614e+03 1.667805138992899401e+03 2.005039101093572526e+03 -2.471853577143389227e-02 2.467218224552630090e+03 5.395367111120341619e-02 9.807556806085845902e-02
-2.944805593744292960e-02 2.289174637682301636e+03 1.667695058309479691e+03 2.005416625970324276e+03 -2.472848354801509760e-02 2.473396883255122702e+03 5.395275669148733716e-02 9.807561777280435211e-02
-2.943638299093055688e-02 2.278827472395584664e+03 1.667911906964407763e+03 2.004626844758126708e+03 -2.474503495813566711e-02 2.476962319235203267e+03 5.395372117094747455e-02 9.807691199662112169e-02
-2.944254405505230404e-02 2.271571359707058491e+03 1.668328814492159836e+03 2.003137425398049800e+03 -2.475712899490551192e-02 2.475267129833404397e+03 5.395602931975355260e-02 9.807863769075025884e-02
-2.945134278831317010e-02 2.270416489007548535e+03 1.668539210719275616e+03 2.002385618858876796e+03 -2.475937912033409141e-02 2.472748590130640878e+03 5.395728743928859122e-02 9.807936093915166353e-02
-2.945382082718145389e-02 2.270806361381394254e+03 1.668568868118864430e+03 2.002277880274256859e+03 -2.475891316765751679e-02 2.472046166830576567e+03 5.395748639611763764e-02 9.807943403858578046e-02
-2.945402705738942029e-02 2.270914663675678185e+03 1.668568190189747611e+03 2.002280288617209180e+03 -2.475876399216178636e-02 2.471991526996920584e+03 5.395748642683970836e-02 9.807942647298925620e-02
-2.945402518626184796e-02 2.270921367869354981e+03 1.668567890157867396e+03 2.002281405556324444e+03 -2.475875421698478865e-02 2.471992430913861426e+03 5.395748476230120827e-02 9.807942516865347793e-02
